0 info it worked if it ends with ok
1 verbose cli [ '/usr/local/Cellar/node/7.7.3/bin/node',
1 verbose cli   '/usr/local/bin/npm',
1 verbose cli   'run',
1 verbose cli   'dev' ]
2 info using npm@4.1.2
3 info using node@v7.7.4
4 verbose stack Error: ENOENT: no such file or directory, open '/Users/xiang/Documents/dxy-projects/api-mocker/package.json'
5 verbose cwd /Users/xiang/Documents/dxy-projects/api-mocker
6 error Darwin 15.6.0
7 error argv "/usr/local/Cellar/node/7.7.3/bin/node" "/usr/local/bin/npm" "run" "dev"
8 error node v7.7.4
9 error npm  v4.1.2
10 error path /Users/xiang/Documents/dxy-projects/api-mocker/package.json
11 error code ENOENT
12 error errno -2
13 error syscall open
14 error enoent ENOENT: no such file or directory, open '/Users/xiang/Documents/dxy-projects/api-mocker/package.json'
15 error enoent ENOENT: no such file or directory, open '/Users/xiang/Documents/dxy-projects/api-mocker/package.json'
15 error enoent This is most likely not a problem with npm itself
15 error enoent and is related to npm not being able to find a file.
16 verbose exit [ -2, true ]
